{"D:\\Belajar\\cafetaria\\main.js": {"path":"D:\\Belajar\\cafetaria\\main.js","statementMap":{"0":{"start":{"line":1,"column":0},"end":{"line":1,"column":26}},"1":{"start":{"line":2,"column":16},"end":{"line":2,"column":34}},"2":{"start":{"line":4,"column":12},"end":{"line":4,"column":21}},"3":{"start":{"line":5,"column":0},"end":{"line":5,"column":24}},"4":{"start":{"line":11,"column":22},"end":{"line":11,"column":24}},"5":{"start":{"line":12,"column":26},"end":{"line":12,"column":35}},"6":{"start":{"line":13,"column":20},"end":{"line":13,"column":22}},"7":{"start":{"line":15,"column":20},"end":{"line":49,"column":1}},"8":{"start":{"line":16,"column":17},"end":{"line":16,"column":23}},"9":{"start":{"line":17,"column":22},"end":{"line":17,"column":32}},"10":{"start":{"line":18,"column":22},"end":{"line":18,"column":53}},"11":{"start":{"line":20,"column":2},"end":{"line":22,"column":3}},"12":{"start":{"line":21,"column":4},"end":{"line":21,"column":65}},"13":{"start":{"line":23,"column":22},"end":{"line":23,"column":43}},"14":{"start":{"line":25,"column":2},"end":{"line":48,"column":3}},"15":{"start":{"line":34,"column":4},"end":{"line":42,"column":5}},"16":{"start":{"line":36,"column":6},"end":{"line":36,"column":28}},"17":{"start":{"line":37,"column":6},"end":{"line":37,"column":42}},"18":{"start":{"line":39,"column":9},"end":{"line":42,"column":5}},"19":{"start":{"line":40,"column":6},"end":{"line":40,"column":80}},"20":{"start":{"line":43,"column":4},"end":{"line":43,"column":27}},"21":{"start":{"line":44,"column":4},"end":{"line":44,"column":11}},"22":{"start":{"line":46,"column":4},"end":{"line":46,"column":21}},"23":{"start":{"line":47,"column":4},"end":{"line":47,"column":50}},"24":{"start":{"line":52,"column":15},"end":{"line":52,"column":38}},"25":{"start":{"line":53,"column":0},"end":{"line":53,"column":40}},"26":{"start":{"line":56,"column":0},"end":{"line":58,"column":3}},"27":{"start":{"line":57,"column":2},"end":{"line":57,"column":78}},"28":{"start":{"line":59,"column":0},"end":{"line":61,"column":3}},"29":{"start":{"line":60,"column":2},"end":{"line":60,"column":55}},"30":{"start":{"line":63,"column":13},"end":{"line":63,"column":37}},"31":{"start":{"line":65,"column":15},"end":{"line":67,"column":2}},"32":{"start":{"line":66,"column":2},"end":{"line":66,"column":51}},"33":{"start":{"line":69,"column":0},"end":{"line":69,"column":23}}},"fnMap":{"0":{"name":"(anonymous_0)","decl":{"start":{"line":15,"column":20},"end":{"line":15,"column":21}},"loc":{"start":{"line":15,"column":46},"end":{"line":49,"column":1}},"line":15},"1":{"name":"(anonymous_1)","decl":{"start":{"line":56,"column":13},"end":{"line":56,"column":14}},"loc":{"start":{"line":56,"column":27},"end":{"line":58,"column":1}},"line":56},"2":{"name":"(anonymous_2)","decl":{"start":{"line":59,"column":8},"end":{"line":59,"column":9}},"loc":{"start":{"line":59,"column":28},"end":{"line":61,"column":1}},"line":59},"3":{"name":"(anonymous_3)","decl":{"start":{"line":65,"column":32},"end":{"line":65,"column":33}},"loc":{"start":{"line":65,"column":38},"end":{"line":67,"column":1}},"line":65}},"branchMap":{"0":{"loc":{"start":{"line":20,"column":2},"end":{"line":22,"column":3}},"type":"if","locations":[{"start":{"line":20,"column":2},"end":{"line":22,"column":3}},{"start":{},"end":{}}],"line":20},"1":{"loc":{"start":{"line":34,"column":4},"end":{"line":42,"column":5}},"type":"if","locations":[{"start":{"line":34,"column":4},"end":{"line":42,"column":5}},{"start":{"line":39,"column":9},"end":{"line":42,"column":5}}],"line":34},"2":{"loc":{"start":{"line":39,"column":9},"end":{"line":42,"column":5}},"type":"if","locations":[{"start":{"line":39,"column":9},"end":{"line":42,"column":5}},{"start":{},"end":{}}],"line":39},"3":{"loc":{"start":{"line":63,"column":13},"end":{"line":63,"column":37}},"type":"binary-expr","locations":[{"start":{"line":63,"column":13},"end":{"line":63,"column":29}},{"start":{"line":63,"column":33},"end":{"line":63,"column":37}}],"line":63}},"s":{"0":2,"1":2,"2":2,"3":2,"4":2,"5":2,"6":2,"7":2,"8":43,"9":43,"10":43,"11":43,"12":2,"13":43,"14":43,"15":43,"16":0,"17":0,"18":43,"19":21,"20":22,"21":22,"22":0,"23":0,"24":2,"25":2,"26":2,"27":0,"28":2,"29":20,"30":2,"31":2,"32":2,"33":2},"f":{"0":43,"1":0,"2":20,"3":2},"b":{"0":[2,41],"1":[0,43],"2":[21,22],"3":[2,0]},"_coverageSchema":"1a1c01bbd47fc00a2c39e90264f33305004495a9","hash":"b85ea7b0b00e2339d83c40010d356764eded5c9b"}
,"D:\\Belajar\\cafetaria\\src\\config\\config.js": {"path":"D:\\Belajar\\cafetaria\\src\\config\\config.js","statementMap":{"0":{"start":{"line":1,"column":0},"end":{"line":1,"column":26}},"1":{"start":{"line":2,"column":0},"end":{"line":28,"column":1}}},"fnMap":{},"branchMap":{"0":{"loc":{"start":{"line":8,"column":10},"end":{"line":8,"column":37}},"type":"binary-expr","locations":[{"start":{"line":8,"column":10},"end":{"line":8,"column":29}},{"start":{"line":8,"column":33},"end":{"line":8,"column":37}}],"line":8},"1":{"loc":{"start":{"line":17,"column":10},"end":{"line":17,"column":42}},"type":"binary-expr","locations":[{"start":{"line":17,"column":10},"end":{"line":17,"column":34}},{"start":{"line":17,"column":38},"end":{"line":17,"column":42}}],"line":17}},"s":{"0":2,"1":2},"f":{},"b":{"0":[2,0],"1":[2,0]},"_coverageSchema":"1a1c01bbd47fc00a2c39e90264f33305004495a9","hash":"3307247bb5d30e3066ffe0d99016f13c490d9481"}
,"D:\\Belajar\\cafetaria\\src\\controllers\\cafeController.js": {"path":"D:\\Belajar\\cafetaria\\src\\controllers\\cafeController.js","statementMap":{"0":{"start":{"line":1,"column":15},"end":{"line":1,"column":35}},"1":{"start":{"line":2,"column":40},"end":{"line":2,"column":70}},"2":{"start":{"line":3,"column":23},"end":{"line":3,"column":43}},"3":{"start":{"line":6,"column":0},"end":{"line":13,"column":2}},"4":{"start":{"line":7,"column":52},"end":{"line":7,"column":60}},"5":{"start":{"line":8,"column":2},"end":{"line":12,"column":46}},"6":{"start":{"line":9,"column":20},"end":{"line":9,"column":80}},"7":{"start":{"line":10,"column":4},"end":{"line":10,"column":37}},"8":{"start":{"line":12,"column":16},"end":{"line":12,"column":44}},"9":{"start":{"line":16,"column":0},"end":{"line":32,"column":2}},"10":{"start":{"line":17,"column":62},"end":{"line":17,"column":71}},"11":{"start":{"line":18,"column":2},"end":{"line":31,"column":46}},"12":{"start":{"line":19,"column":19},"end":{"line":19,"column":67}},"13":{"start":{"line":20,"column":23},"end":{"line":20,"column":58}},"14":{"start":{"line":21,"column":21},"end":{"line":21,"column":50}},"15":{"start":{"line":22,"column":23},"end":{"line":22,"column":55}},"16":{"start":{"line":23,"column":20},"end":{"line":23,"column":76}},"17":{"start":{"line":24,"column":18},"end":{"line":28,"column":6}},"18":{"start":{"line":29,"column":4},"end":{"line":29,"column":74}},"19":{"start":{"line":31,"column":16},"end":{"line":31,"column":44}},"20":{"start":{"line":35,"column":0},"end":{"line":44,"column":2}},"21":{"start":{"line":36,"column":2},"end":{"line":43,"column":46}},"22":{"start":{"line":37,"column":23},"end":{"line":37,"column":33}},"23":{"start":{"line":38,"column":17},"end":{"line":38,"column":85}},"24":{"start":{"line":39,"column":4},"end":{"line":39,"column":58}},"25":{"start":{"line":39,"column":17},"end":{"line":39,"column":57}},"26":{"start":{"line":41,"column":4},"end":{"line":41,"column":34}},"27":{"start":{"line":43,"column":16},"end":{"line":43,"column":44}},"28":{"start":{"line":47,"column":0},"end":{"line":64,"column":2}},"29":{"start":{"line":48,"column":21},"end":{"line":48,"column":31}},"30":{"start":{"line":49,"column":23},"end":{"line":49,"column":31}},"31":{"start":{"line":50,"column":52},"end":{"line":50,"column":60}},"32":{"start":{"line":51,"column":2},"end":{"line":63,"column":46}},"33":{"start":{"line":52,"column":17},"end":{"line":52,"column":44}},"34":{"start":{"line":53,"column":4},"end":{"line":53,"column":59}},"35":{"start":{"line":53,"column":17},"end":{"line":53,"column":57}},"36":{"start":{"line":55,"column":4},"end":{"line":55,"column":34}},"37":{"start":{"line":55,"column":16},"end":{"line":55,"column":32}},"38":{"start":{"line":56,"column":4},"end":{"line":56,"column":43}},"39":{"start":{"line":56,"column":19},"end":{"line":56,"column":41}},"40":{"start":{"line":57,"column":4},"end":{"line":57,"column":55}},"41":{"start":{"line":57,"column":23},"end":{"line":57,"column":53}},"42":{"start":{"line":58,"column":4},"end":{"line":58,"column":49}},"43":{"start":{"line":58,"column":21},"end":{"line":58,"column":47}},"44":{"start":{"line":59,"column":4},"end":{"line":59,"column":22}},"45":{"start":{"line":61,"column":4},"end":{"line":61,"column":34}},"46":{"start":{"line":63,"column":16},"end":{"line":63,"column":44}},"47":{"start":{"line":67,"column":0},"end":{"line":77,"column":2}},"48":{"start":{"line":68,"column":21},"end":{"line":68,"column":31}},"49":{"start":{"line":69,"column":2},"end":{"line":76,"column":46}},"50":{"start":{"line":70,"column":17},"end":{"line":70,"column":44}},"51":{"start":{"line":71,"column":4},"end":{"line":71,"column":59}},"52":{"start":{"line":71,"column":17},"end":{"line":71,"column":57}},"53":{"start":{"line":73,"column":4},"end":{"line":73,"column":25}},"54":{"start":{"line":74,"column":4},"end":{"line":74,"column":39}},"55":{"start":{"line":76,"column":16},"end":{"line":76,"column":44}}},"fnMap":{"0":{"name":"(anonymous_0)","decl":{"start":{"line":6,"column":21},"end":{"line":6,"column":22}},"loc":{"start":{"line":6,"column":41},"end":{"line":13,"column":1}},"line":6},"1":{"name":"(anonymous_1)","decl":{"start":{"line":16,"column":22},"end":{"line":16,"column":23}},"loc":{"start":{"line":16,"column":42},"end":{"line":32,"column":1}},"line":16},"2":{"name":"(anonymous_2)","decl":{"start":{"line":35,"column":22},"end":{"line":35,"column":23}},"loc":{"start":{"line":35,"column":42},"end":{"line":44,"column":1}},"line":35},"3":{"name":"(anonymous_3)","decl":{"start":{"line":47,"column":21},"end":{"line":47,"column":22}},"loc":{"start":{"line":47,"column":41},"end":{"line":64,"column":1}},"line":47},"4":{"name":"(anonymous_4)","decl":{"start":{"line":67,"column":21},"end":{"line":67,"column":22}},"loc":{"start":{"line":67,"column":41},"end":{"line":77,"column":1}},"line":67}},"branchMap":{"0":{"loc":{"start":{"line":17,"column":22},"end":{"line":17,"column":35}},"type":"default-arg","locations":[{"start":{"line":17,"column":30},"end":{"line":17,"column":35}}],"line":17},"1":{"loc":{"start":{"line":17,"column":37},"end":{"line":17,"column":47}},"type":"default-arg","locations":[{"start":{"line":17,"column":45},"end":{"line":17,"column":47}}],"line":17},"2":{"loc":{"start":{"line":17,"column":49},"end":{"line":17,"column":57}},"type":"default-arg","locations":[{"start":{"line":17,"column":56},"end":{"line":17,"column":57}}],"line":17},"3":{"loc":{"start":{"line":19,"column":19},"end":{"line":19,"column":67}},"type":"cond-expr","locations":[{"start":{"line":19,"column":25},"end":{"line":19,"column":62}},{"start":{"line":19,"column":65},"end":{"line":19,"column":67}}],"line":19},"4":{"loc":{"start":{"line":22,"column":23},"end":{"line":22,"column":55}},"type":"cond-expr","locations":[{"start":{"line":22,"column":40},"end":{"line":22,"column":48}},{"start":{"line":22,"column":51},"end":{"line":22,"column":55}}],"line":22},"5":{"loc":{"start":{"line":23,"column":20},"end":{"line":23,"column":76}},"type":"cond-expr","locations":[{"start":{"line":23,"column":27},"end":{"line":23,"column":56}},{"start":{"line":23,"column":59},"end":{"line":23,"column":76}}],"line":23},"6":{"loc":{"start":{"line":39,"column":4},"end":{"line":39,"column":58}},"type":"if","locations":[{"start":{"line":39,"column":4},"end":{"line":39,"column":58}},{"start":{},"end":{}}],"line":39},"7":{"loc":{"start":{"line":53,"column":4},"end":{"line":53,"column":59}},"type":"if","locations":[{"start":{"line":53,"column":4},"end":{"line":53,"column":59}},{"start":{},"end":{}}],"line":53},"8":{"loc":{"start":{"line":55,"column":4},"end":{"line":55,"column":34}},"type":"if","locations":[{"start":{"line":55,"column":4},"end":{"line":55,"column":34}},{"start":{},"end":{}}],"line":55},"9":{"loc":{"start":{"line":56,"column":4},"end":{"line":56,"column":43}},"type":"if","locations":[{"start":{"line":56,"column":4},"end":{"line":56,"column":43}},{"start":{},"end":{}}],"line":56},"10":{"loc":{"start":{"line":57,"column":4},"end":{"line":57,"column":55}},"type":"if","locations":[{"start":{"line":57,"column":4},"end":{"line":57,"column":55}},{"start":{},"end":{}}],"line":57},"11":{"loc":{"start":{"line":58,"column":4},"end":{"line":58,"column":49}},"type":"if","locations":[{"start":{"line":58,"column":4},"end":{"line":58,"column":49}},{"start":{},"end":{}}],"line":58},"12":{"loc":{"start":{"line":71,"column":4},"end":{"line":71,"column":59}},"type":"if","locations":[{"start":{"line":71,"column":4},"end":{"line":71,"column":59}},{"start":{},"end":{}}],"line":71}},"s":{"0":2,"1":2,"2":2,"3":2,"4":0,"5":0,"6":0,"7":0,"8":0,"9":2,"10":0,"11":0,"12":0,"13":0,"14":0,"15":0,"16":0,"17":0,"18":0,"19":0,"20":2,"21":0,"22":0,"23":0,"24":0,"25":0,"26":0,"27":0,"28":2,"29":0,"30":0,"31":0,"32":0,"33":0,"34":0,"35":0,"36":0,"37":0,"38":0,"39":0,"40":0,"41":0,"42":0,"43":0,"44":0,"45":0,"46":0,"47":2,"48":0,"49":0,"50":0,"51":0,"52":0,"53":0,"54":0,"55":0},"f":{"0":0,"1":0,"2":0,"3":0,"4":0},"b":{"0":[0],"1":[0],"2":[0],"3":[0,0],"4":[0,0],"5":[0,0],"6":[0,0],"7":[0,0],"8":[0,0],"9":[0,0],"10":[0,0],"11":[0,0],"12":[0,0]},"_coverageSchema":"1a1c01bbd47fc00a2c39e90264f33305004495a9","hash":"231d5a63caa5b44bbd3ee31bb9afc132ab71726a"}
,"D:\\Belajar\\cafetaria\\src\\controllers\\menuController.js": {"path":"D:\\Belajar\\cafetaria\\src\\controllers\\menuController.js","statementMap":{"0":{"start":{"line":1,"column":40},"end":{"line":1,"column":70}},"1":{"start":{"line":2,"column":44},"end":{"line":2,"column":76}},"2":{"start":{"line":3,"column":34},"end":{"line":3,"column":54}},"3":{"start":{"line":6,"column":0},"end":{"line":28,"column":2}},"4":{"start":{"line":7,"column":52},"end":{"line":7,"column":60}},"5":{"start":{"line":8,"column":19},"end":{"line":8,"column":53}},"6":{"start":{"line":9,"column":2},"end":{"line":27,"column":3}},"7":{"start":{"line":10,"column":25},"end":{"line":10,"column":52}},"8":{"start":{"line":11,"column":4},"end":{"line":11,"column":62}},"9":{"start":{"line":11,"column":24},"end":{"line":11,"column":60}},"10":{"start":{"line":13,"column":25},"end":{"line":13,"column":61}},"11":{"start":{"line":14,"column":4},"end":{"line":14,"column":62}},"12":{"start":{"line":14,"column":24},"end":{"line":14,"column":60}},"13":{"start":{"line":16,"column":4},"end":{"line":19,"column":5}},"14":{"start":{"line":17,"column":6},"end":{"line":18,"column":81}},"15":{"start":{"line":17,"column":40},"end":{"line":17,"column":64}},"16":{"start":{"line":18,"column":13},"end":{"line":18,"column":79}},"17":{"start":{"line":20,"column":20},"end":{"line":20,"column":49}},"18":{"start":{"line":21,"column":4},"end":{"line":21,"column":37}},"19":{"start":{"line":25,"column":4},"end":{"line":26,"column":41}},"20":{"start":{"line":25,"column":77},"end":{"line":25,"column":117}},"21":{"start":{"line":26,"column":11},"end":{"line":26,"column":39}},"22":{"start":{"line":31,"column":0},"end":{"line":38,"column":2}},"23":{"start":{"line":32,"column":21},"end":{"line":32,"column":30}},"24":{"start":{"line":33,"column":2},"end":{"line":37,"column":46}},"25":{"start":{"line":34,"column":18},"end":{"line":34,"column":80}},"26":{"start":{"line":35,"column":4},"end":{"line":35,"column":35}},"27":{"start":{"line":37,"column":16},"end":{"line":37,"column":44}},"28":{"start":{"line":41,"column":0},"end":{"line":51,"column":2}},"29":{"start":{"line":42,"column":2},"end":{"line":50,"column":46}},"30":{"start":{"line":43,"column":23},"end":{"line":43,"column":33}},"31":{"start":{"line":44,"column":17},"end":{"line":44,"column":44}},"32":{"start":{"line":45,"column":4},"end":{"line":47,"column":5}},"33":{"start":{"line":46,"column":6},"end":{"line":46,"column":46}},"34":{"start":{"line":48,"column":4},"end":{"line":48,"column":34}},"35":{"start":{"line":50,"column":16},"end":{"line":50,"column":44}},"36":{"start":{"line":54,"column":0},"end":{"line":82,"column":2}},"37":{"start":{"line":55,"column":21},"end":{"line":55,"column":31}},"38":{"start":{"line":56,"column":52},"end":{"line":56,"column":60}},"39":{"start":{"line":57,"column":2},"end":{"line":81,"column":46}},"40":{"start":{"line":58,"column":15},"end":{"line":63,"column":6}},"41":{"start":{"line":64,"column":4},"end":{"line":66,"column":5}},"42":{"start":{"line":65,"column":6},"end":{"line":65,"column":46}},"43":{"start":{"line":67,"column":25},"end":{"line":67,"column":66}},"44":{"start":{"line":68,"column":4},"end":{"line":68,"column":62}},"45":{"start":{"line":68,"column":24},"end":{"line":68,"column":60}},"46":{"start":{"line":70,"column":4},"end":{"line":70,"column":34}},"47":{"start":{"line":70,"column":16},"end":{"line":70,"column":32}},"48":{"start":{"line":71,"column":4},"end":{"line":74,"column":5}},"49":{"start":{"line":72,"column":6},"end":{"line":73,"column":81}},"50":{"start":{"line":72,"column":40},"end":{"line":72,"column":58}},"51":{"start":{"line":73,"column":13},"end":{"line":73,"column":79}},"52":{"start":{"line":75,"column":4},"end":{"line":75,"column":70}},"53":{"start":{"line":75,"column":28},"end":{"line":75,"column":68}},"54":{"start":{"line":76,"column":4},"end":{"line":76,"column":40}},"55":{"start":{"line":76,"column":18},"end":{"line":76,"column":38}},"56":{"start":{"line":77,"column":4},"end":{"line":77,"column":22}},"57":{"start":{"line":79,"column":4},"end":{"line":79,"column":34}},"58":{"start":{"line":81,"column":16},"end":{"line":81,"column":44}},"59":{"start":{"line":85,"column":0},"end":{"line":99,"column":2}},"60":{"start":{"line":86,"column":2},"end":{"line":98,"column":46}},"61":{"start":{"line":87,"column":23},"end":{"line":87,"column":33}},"62":{"start":{"line":88,"column":17},"end":{"line":88,"column":44}},"63":{"start":{"line":89,"column":4},"end":{"line":91,"column":5}},"64":{"start":{"line":90,"column":6},"end":{"line":90,"column":46}},"65":{"start":{"line":92,"column":25},"end":{"line":92,"column":66}},"66":{"start":{"line":93,"column":4},"end":{"line":93,"column":62}},"67":{"start":{"line":93,"column":24},"end":{"line":93,"column":60}},"68":{"start":{"line":95,"column":4},"end":{"line":95,"column":25}},"69":{"start":{"line":96,"column":4},"end":{"line":96,"column":39}},"70":{"start":{"line":98,"column":16},"end":{"line":98,"column":44}}},"fnMap":{"0":{"name":"(anonymous_0)","decl":{"start":{"line":6,"column":21},"end":{"line":6,"column":22}},"loc":{"start":{"line":6,"column":41},"end":{"line":28,"column":1}},"line":6},"1":{"name":"(anonymous_1)","decl":{"start":{"line":31,"column":22},"end":{"line":31,"column":23}},"loc":{"start":{"line":31,"column":42},"end":{"line":38,"column":1}},"line":31},"2":{"name":"(anonymous_2)","decl":{"start":{"line":41,"column":22},"end":{"line":41,"column":23}},"loc":{"start":{"line":41,"column":42},"end":{"line":51,"column":1}},"line":41},"3":{"name":"(anonymous_3)","decl":{"start":{"line":54,"column":21},"end":{"line":54,"column":22}},"loc":{"start":{"line":54,"column":41},"end":{"line":82,"column":1}},"line":54},"4":{"name":"(anonymous_4)","decl":{"start":{"line":85,"column":21},"end":{"line":85,"column":22}},"loc":{"start":{"line":85,"column":41},"end":{"line":99,"column":1}},"line":85}},"branchMap":{"0":{"loc":{"start":{"line":11,"column":4},"end":{"line":11,"column":62}},"type":"if","locations":[{"start":{"line":11,"column":4},"end":{"line":11,"column":62}},{"start":{},"end":{}}],"line":11},"1":{"loc":{"start":{"line":14,"column":4},"end":{"line":14,"column":62}},"type":"if","locations":[{"start":{"line":14,"column":4},"end":{"line":14,"column":62}},{"start":{},"end":{}}],"line":14},"2":{"loc":{"start":{"line":16,"column":4},"end":{"line":19,"column":5}},"type":"if","locations":[{"start":{"line":16,"column":4},"end":{"line":19,"column":5}},{"start":{},"end":{}}],"line":16},"3":{"loc":{"start":{"line":17,"column":6},"end":{"line":18,"column":81}},"type":"if","locations":[{"start":{"line":17,"column":6},"end":{"line":18,"column":81}},{"start":{"line":18,"column":11},"end":{"line":18,"column":81}}],"line":17},"4":{"loc":{"start":{"line":25,"column":4},"end":{"line":26,"column":41}},"type":"if","locations":[{"start":{"line":25,"column":4},"end":{"line":26,"column":41}},{"start":{"line":26,"column":9},"end":{"line":26,"column":41}}],"line":25},"5":{"loc":{"start":{"line":25,"column":8},"end":{"line":25,"column":73}},"type":"binary-expr","locations":[{"start":{"line":25,"column":8},"end":{"line":25,"column":11}},{"start":{"line":25,"column":15},"end":{"line":25,"column":25}},{"start":{"line":25,"column":29},"end":{"line":25,"column":73}}],"line":25},"6":{"loc":{"start":{"line":45,"column":4},"end":{"line":47,"column":5}},"type":"if","locations":[{"start":{"line":45,"column":4},"end":{"line":47,"column":5}},{"start":{},"end":{}}],"line":45},"7":{"loc":{"start":{"line":64,"column":4},"end":{"line":66,"column":5}},"type":"if","locations":[{"start":{"line":64,"column":4},"end":{"line":66,"column":5}},{"start":{},"end":{}}],"line":64},"8":{"loc":{"start":{"line":68,"column":4},"end":{"line":68,"column":62}},"type":"if","locations":[{"start":{"line":68,"column":4},"end":{"line":68,"column":62}},{"start":{},"end":{}}],"line":68},"9":{"loc":{"start":{"line":70,"column":4},"end":{"line":70,"column":34}},"type":"if","locations":[{"start":{"line":70,"column":4},"end":{"line":70,"column":34}},{"start":{},"end":{}}],"line":70},"10":{"loc":{"start":{"line":71,"column":4},"end":{"line":74,"column":5}},"type":"if","locations":[{"start":{"line":71,"column":4},"end":{"line":74,"column":5}},{"start":{},"end":{}}],"line":71},"11":{"loc":{"start":{"line":72,"column":6},"end":{"line":73,"column":81}},"type":"if","locations":[{"start":{"line":72,"column":6},"end":{"line":73,"column":81}},{"start":{"line":73,"column":11},"end":{"line":73,"column":81}}],"line":72},"12":{"loc":{"start":{"line":75,"column":4},"end":{"line":75,"column":70}},"type":"if","locations":[{"start":{"line":75,"column":4},"end":{"line":75,"column":70}},{"start":{},"end":{}}],"line":75},"13":{"loc":{"start":{"line":76,"column":4},"end":{"line":76,"column":40}},"type":"if","locations":[{"start":{"line":76,"column":4},"end":{"line":76,"column":40}},{"start":{},"end":{}}],"line":76},"14":{"loc":{"start":{"line":89,"column":4},"end":{"line":91,"column":5}},"type":"if","locations":[{"start":{"line":89,"column":4},"end":{"line":91,"column":5}},{"start":{},"end":{}}],"line":89},"15":{"loc":{"start":{"line":93,"column":4},"end":{"line":93,"column":62}},"type":"if","locations":[{"start":{"line":93,"column":4},"end":{"line":93,"column":62}},{"start":{},"end":{}}],"line":93}},"s":{"0":2,"1":2,"2":2,"3":2,"4":0,"5":0,"6":0,"7":0,"8":0,"9":0,"10":0,"11":0,"12":0,"13":0,"14":0,"15":0,"16":0,"17":0,"18":0,"19":0,"20":0,"21":0,"22":2,"23":0,"24":0,"25":0,"26":0,"27":0,"28":2,"29":0,"30":0,"31":0,"32":0,"33":0,"34":0,"35":0,"36":2,"37":0,"38":0,"39":0,"40":0,"41":0,"42":0,"43":0,"44":0,"45":0,"46":0,"47":0,"48":0,"49":0,"50":0,"51":0,"52":0,"53":0,"54":0,"55":0,"56":0,"57":0,"58":0,"59":2,"60":0,"61":0,"62":0,"63":0,"64":0,"65":0,"66":0,"67":0,"68":0,"69":0,"70":0},"f":{"0":0,"1":0,"2":0,"3":0,"4":0},"b":{"0":[0,0],"1":[0,0],"2":[0,0],"3":[0,0],"4":[0,0],"5":[0,0,0],"6":[0,0],"7":[0,0],"8":[0,0],"9":[0,0],"10":[0,0],"11":[0,0],"12":[0,0],"13":[0,0],"14":[0,0],"15":[0,0]},"_coverageSchema":"1a1c01bbd47fc00a2c39e90264f33305004495a9","hash":"ff87c97548625f410a7f29a24ee69018aa7ef523"}
,"D:\\Belajar\\cafetaria\\src\\controllers\\userController.js": {"path":"D:\\Belajar\\cafetaria\\src\\controllers\\userController.js","statementMap":{"0":{"start":{"line":1,"column":15},"end":{"line":1,"column":32}},"1":{"start":{"line":2,"column":12},"end":{"line":2,"column":35}},"2":{"start":{"line":3,"column":40},"end":{"line":3,"column":70}},"3":{"start":{"line":4,"column":22},"end":{"line":4,"column":54}},"4":{"start":{"line":5,"column":28},"end":{"line":5,"column":48}},"5":{"start":{"line":7,"column":28},"end":{"line":24,"column":1}},"6":{"start":{"line":8,"column":49},"end":{"line":8,"column":56}},"7":{"start":{"line":9,"column":2},"end":{"line":23,"column":26}},"8":{"start":{"line":10,"column":19},"end":{"line":10,"column":50}},"9":{"start":{"line":11,"column":4},"end":{"line":15,"column":5}},"10":{"start":{"line":16,"column":4},"end":{"line":19,"column":5}},"11":{"start":{"line":17,"column":6},"end":{"line":18,"column":69}},"12":{"start":{"line":17,"column":37},"end":{"line":17,"column":62}},"13":{"start":{"line":18,"column":11},"end":{"line":18,"column":69}},"14":{"start":{"line":18,"column":47},"end":{"line":18,"column":67}},"15":{"start":{"line":20,"column":20},"end":{"line":20,"column":47}},"16":{"start":{"line":21,"column":4},"end":{"line":21,"column":18}},"17":{"start":{"line":23,"column":15},"end":{"line":23,"column":24}},"18":{"start":{"line":27,"column":0},"end":{"line":46,"column":1}},"19":{"start":{"line":28,"column":49},"end":{"line":28,"column":57}},"20":{"start":{"line":29,"column":2},"end":{"line":45,"column":46}},"21":{"start":{"line":31,"column":25},"end":{"line":31,"column":58}},"22":{"start":{"line":32,"column":4},"end":{"line":32,"column":62}},"23":{"start":{"line":32,"column":24},"end":{"line":32,"column":60}},"24":{"start":{"line":35,"column":17},"end":{"line":37,"column":6}},"25":{"start":{"line":38,"column":4},"end":{"line":38,"column":66}},"26":{"start":{"line":38,"column":16},"end":{"line":38,"column":64}},"27":{"start":{"line":41,"column":20},"end":{"line":41,"column":59}},"28":{"start":{"line":42,"column":18},"end":{"line":42,"column":122}},"29":{"start":{"line":43,"column":4},"end":{"line":43,"column":35}},"30":{"start":{"line":45,"column":16},"end":{"line":45,"column":44}},"31":{"start":{"line":49,"column":0},"end":{"line":69,"column":1}},"32":{"start":{"line":50,"column":33},"end":{"line":50,"column":41}},"33":{"start":{"line":51,"column":2},"end":{"line":68,"column":46}},"34":{"start":{"line":53,"column":25},"end":{"line":53,"column":58}},"35":{"start":{"line":54,"column":4},"end":{"line":54,"column":62}},"36":{"start":{"line":54,"column":24},"end":{"line":54,"column":60}},"37":{"start":{"line":56,"column":20},"end":{"line":58,"column":6}},"38":{"start":{"line":59,"column":4},"end":{"line":59,"column":70}},"39":{"start":{"line":59,"column":21},"end":{"line":59,"column":68}},"40":{"start":{"line":61,"column":20},"end":{"line":61,"column":69}},"41":{"start":{"line":62,"column":4},"end":{"line":62,"column":78}},"42":{"start":{"line":62,"column":20},"end":{"line":62,"column":76}},"43":{"start":{"line":65,"column":18},"end":{"line":65,"column":124}},"44":{"start":{"line":66,"column":4},"end":{"line":66,"column":35}},"45":{"start":{"line":68,"column":16},"end":{"line":68,"column":44}},"46":{"start":{"line":72,"column":0},"end":{"line":82,"column":2}},"47":{"start":{"line":73,"column":17},"end":{"line":73,"column":25}},"48":{"start":{"line":74,"column":2},"end":{"line":81,"column":46}},"49":{"start":{"line":75,"column":17},"end":{"line":78,"column":6}},"50":{"start":{"line":79,"column":4},"end":{"line":79,"column":34}},"51":{"start":{"line":81,"column":16},"end":{"line":81,"column":44}},"52":{"start":{"line":85,"column":0},"end":{"line":98,"column":1}},"53":{"start":{"line":86,"column":17},"end":{"line":86,"column":25}},"54":{"start":{"line":87,"column":43},"end":{"line":87,"column":51}},"55":{"start":{"line":88,"column":2},"end":{"line":97,"column":46}},"56":{"start":{"line":89,"column":17},"end":{"line":89,"column":40}},"57":{"start":{"line":90,"column":4},"end":{"line":90,"column":69}},"58":{"start":{"line":90,"column":43},"end":{"line":90,"column":67}},"59":{"start":{"line":91,"column":4},"end":{"line":91,"column":69}},"60":{"start":{"line":91,"column":43},"end":{"line":91,"column":67}},"61":{"start":{"line":92,"column":4},"end":{"line":92,"column":92}},"62":{"start":{"line":92,"column":43},"end":{"line":92,"column":90}},"63":{"start":{"line":94,"column":4},"end":{"line":94,"column":21}},"64":{"start":{"line":95,"column":4},"end":{"line":95,"column":51}},"65":{"start":{"line":97,"column":16},"end":{"line":97,"column":44}},"66":{"start":{"line":101,"column":0},"end":{"line":111,"column":1}},"67":{"start":{"line":102,"column":23},"end":{"line":102,"column":31}},"68":{"start":{"line":103,"column":2},"end":{"line":110,"column":46}},"69":{"start":{"line":104,"column":4},"end":{"line":104,"column":89}},"70":{"start":{"line":104,"column":32},"end":{"line":104,"column":87}},"71":{"start":{"line":105,"column":4},"end":{"line":107,"column":7}},"72":{"start":{"line":108,"column":4},"end":{"line":108,"column":61}},"73":{"start":{"line":110,"column":16},"end":{"line":110,"column":44}},"74":{"start":{"line":114,"column":0},"end":{"line":132,"column":1}},"75":{"start":{"line":115,"column":33},"end":{"line":115,"column":41}},"76":{"start":{"line":116,"column":2},"end":{"line":131,"column":46}},"77":{"start":{"line":118,"column":25},"end":{"line":118,"column":58}},"78":{"start":{"line":119,"column":4},"end":{"line":119,"column":62}},"79":{"start":{"line":119,"column":24},"end":{"line":119,"column":60}},"80":{"start":{"line":122,"column":17},"end":{"line":124,"column":6}},"81":{"start":{"line":125,"column":4},"end":{"line":125,"column":66}},"82":{"start":{"line":125,"column":16},"end":{"line":125,"column":64}},"83":{"start":{"line":128,"column":20},"end":{"line":128,"column":59}},"84":{"start":{"line":129,"column":4},"end":{"line":129,"column":37}},"85":{"start":{"line":131,"column":16},"end":{"line":131,"column":44}}},"fnMap":{"0":{"name":"(anonymous_0)","decl":{"start":{"line":7,"column":28},"end":{"line":7,"column":29}},"loc":{"start":{"line":7,"column":56},"end":{"line":24,"column":1}},"line":7},"1":{"name":"(anonymous_1)","decl":{"start":{"line":27,"column":19},"end":{"line":27,"column":20}},"loc":{"start":{"line":27,"column":39},"end":{"line":46,"column":1}},"line":27},"2":{"name":"(anonymous_2)","decl":{"start":{"line":49,"column":16},"end":{"line":49,"column":17}},"loc":{"start":{"line":49,"column":36},"end":{"line":69,"column":1}},"line":49},"3":{"name":"(anonymous_3)","decl":{"start":{"line":72,"column":16},"end":{"line":72,"column":17}},"loc":{"start":{"line":72,"column":36},"end":{"line":82,"column":1}},"line":72},"4":{"name":"(anonymous_4)","decl":{"start":{"line":85,"column":17},"end":{"line":85,"column":18}},"loc":{"start":{"line":85,"column":37},"end":{"line":98,"column":1}},"line":85},"5":{"name":"(anonymous_5)","decl":{"start":{"line":101,"column":19},"end":{"line":101,"column":20}},"loc":{"start":{"line":101,"column":39},"end":{"line":111,"column":1}},"line":101},"6":{"name":"(anonymous_6)","decl":{"start":{"line":114,"column":24},"end":{"line":114,"column":25}},"loc":{"start":{"line":114,"column":44},"end":{"line":132,"column":1}},"line":114}},"branchMap":{"0":{"loc":{"start":{"line":16,"column":4},"end":{"line":19,"column":5}},"type":"if","locations":[{"start":{"line":16,"column":4},"end":{"line":19,"column":5}},{"start":{},"end":{}}],"line":16},"1":{"loc":{"start":{"line":16,"column":8},"end":{"line":16,"column":31}},"type":"binary-expr","locations":[{"start":{"line":16,"column":8},"end":{"line":16,"column":15}},{"start":{"line":16,"column":19},"end":{"line":16,"column":31}}],"line":16},"2":{"loc":{"start":{"line":17,"column":6},"end":{"line":18,"column":69}},"type":"if","locations":[{"start":{"line":17,"column":6},"end":{"line":18,"column":69}},{"start":{"line":18,"column":11},"end":{"line":18,"column":69}}],"line":17},"3":{"loc":{"start":{"line":18,"column":11},"end":{"line":18,"column":69}},"type":"if","locations":[{"start":{"line":18,"column":11},"end":{"line":18,"column":69}},{"start":{},"end":{}}],"line":18},"4":{"loc":{"start":{"line":32,"column":4},"end":{"line":32,"column":62}},"type":"if","locations":[{"start":{"line":32,"column":4},"end":{"line":32,"column":62}},{"start":{},"end":{}}],"line":32},"5":{"loc":{"start":{"line":38,"column":4},"end":{"line":38,"column":66}},"type":"if","locations":[{"start":{"line":38,"column":4},"end":{"line":38,"column":66}},{"start":{},"end":{}}],"line":38},"6":{"loc":{"start":{"line":54,"column":4},"end":{"line":54,"column":62}},"type":"if","locations":[{"start":{"line":54,"column":4},"end":{"line":54,"column":62}},{"start":{},"end":{}}],"line":54},"7":{"loc":{"start":{"line":59,"column":4},"end":{"line":59,"column":70}},"type":"if","locations":[{"start":{"line":59,"column":4},"end":{"line":59,"column":70}},{"start":{},"end":{}}],"line":59},"8":{"loc":{"start":{"line":62,"column":4},"end":{"line":62,"column":78}},"type":"if","locations":[{"start":{"line":62,"column":4},"end":{"line":62,"column":78}},{"start":{},"end":{}}],"line":62},"9":{"loc":{"start":{"line":90,"column":4},"end":{"line":90,"column":69}},"type":"if","locations":[{"start":{"line":90,"column":4},"end":{"line":90,"column":69}},{"start":{},"end":{}}],"line":90},"10":{"loc":{"start":{"line":90,"column":8},"end":{"line":90,"column":39}},"type":"binary-expr","locations":[{"start":{"line":90,"column":8},"end":{"line":90,"column":16}},{"start":{"line":90,"column":20},"end":{"line":90,"column":39}}],"line":90},"11":{"loc":{"start":{"line":91,"column":4},"end":{"line":91,"column":69}},"type":"if","locations":[{"start":{"line":91,"column":4},"end":{"line":91,"column":69}},{"start":{},"end":{}}],"line":91},"12":{"loc":{"start":{"line":91,"column":8},"end":{"line":91,"column":39}},"type":"binary-expr","locations":[{"start":{"line":91,"column":8},"end":{"line":91,"column":16}},{"start":{"line":91,"column":20},"end":{"line":91,"column":39}}],"line":91},"13":{"loc":{"start":{"line":92,"column":4},"end":{"line":92,"column":92}},"type":"if","locations":[{"start":{"line":92,"column":4},"end":{"line":92,"column":92}},{"start":{},"end":{}}],"line":92},"14":{"loc":{"start":{"line":92,"column":8},"end":{"line":92,"column":39}},"type":"binary-expr","locations":[{"start":{"line":92,"column":8},"end":{"line":92,"column":16}},{"start":{"line":92,"column":20},"end":{"line":92,"column":39}}],"line":92},"15":{"loc":{"start":{"line":104,"column":4},"end":{"line":104,"column":89}},"type":"if","locations":[{"start":{"line":104,"column":4},"end":{"line":104,"column":89}},{"start":{},"end":{}}],"line":104},"16":{"loc":{"start":{"line":119,"column":4},"end":{"line":119,"column":62}},"type":"if","locations":[{"start":{"line":119,"column":4},"end":{"line":119,"column":62}},{"start":{},"end":{}}],"line":119},"17":{"loc":{"start":{"line":125,"column":4},"end":{"line":125,"column":66}},"type":"if","locations":[{"start":{"line":125,"column":4},"end":{"line":125,"column":66}},{"start":{},"end":{}}],"line":125}},"s":{"0":2,"1":2,"2":2,"3":2,"4":2,"5":2,"6":0,"7":0,"8":0,"9":0,"10":0,"11":0,"12":0,"13":0,"14":0,"15":0,"16":0,"17":0,"18":2,"19":0,"20":0,"21":0,"22":0,"23":0,"24":0,"25":0,"26":0,"27":0,"28":0,"29":0,"30":0,"31":2,"32":2,"33":2,"34":2,"35":2,"36":0,"37":2,"38":2,"39":1,"40":1,"41":1,"42":0,"43":1,"44":1,"45":0,"46":2,"47":0,"48":0,"49":0,"50":0,"51":0,"52":2,"53":0,"54":0,"55":0,"56":0,"57":0,"58":0,"59":0,"60":0,"61":0,"62":0,"63":0,"64":0,"65":0,"66":2,"67":0,"68":0,"69":0,"70":0,"71":0,"72":0,"73":0,"74":2,"75":0,"76":0,"77":0,"78":0,"79":0,"80":0,"81":0,"82":0,"83":0,"84":0,"85":0},"f":{"0":0,"1":0,"2":2,"3":0,"4":0,"5":0,"6":0},"b":{"0":[0,0],"1":[0,0],"2":[0,0],"3":[0,0],"4":[0,0],"5":[0,0],"6":[0,2],"7":[1,1],"8":[0,1],"9":[0,0],"10":[0,0],"11":[0,0],"12":[0,0],"13":[0,0],"14":[0,0],"15":[0,0],"16":[0,0],"17":[0,0]},"_coverageSchema":"1a1c01bbd47fc00a2c39e90264f33305004495a9","hash":"2bf7c3f3249a59172c99d1cb5f21faaab09f81e9"}
,"D:\\Belajar\\cafetaria\\src\\helpers\\response.js": {"path":"D:\\Belajar\\cafetaria\\src\\helpers\\response.js","statementMap":{"0":{"start":{"line":1,"column":0},"end":{"line":6,"column":1}},"1":{"start":{"line":2,"column":4},"end":{"line":5,"column":6}},"2":{"start":{"line":8,"column":0},"end":{"line":13,"column":1}},"3":{"start":{"line":9,"column":4},"end":{"line":12,"column":6}},"4":{"start":{"line":15,"column":0},"end":{"line":21,"column":1}},"5":{"start":{"line":16,"column":4},"end":{"line":16,"column":20}},"6":{"start":{"line":17,"column":4},"end":{"line":20,"column":6}}},"fnMap":{"0":{"name":"(anonymous_0)","decl":{"start":{"line":1,"column":18},"end":{"line":1,"column":19}},"loc":{"start":{"line":1,"column":45},"end":{"line":6,"column":1}},"line":1},"1":{"name":"(anonymous_1)","decl":{"start":{"line":8,"column":16},"end":{"line":8,"column":17}},"loc":{"start":{"line":8,"column":42},"end":{"line":13,"column":1}},"line":8},"2":{"name":"(anonymous_2)","decl":{"start":{"line":15,"column":22},"end":{"line":15,"column":23}},"loc":{"start":{"line":15,"column":36},"end":{"line":21,"column":1}},"line":15}},"branchMap":{},"s":{"0":2,"1":1,"2":2,"3":1,"4":2,"5":0,"6":0},"f":{"0":1,"1":1,"2":0},"b":{},"_coverageSchema":"1a1c01bbd47fc00a2c39e90264f33305004495a9","hash":"fd56425102fcc2884e3ea29b68ef17c312392522"}
,"D:\\Belajar\\cafetaria\\src\\helpers\\validation.js": {"path":"D:\\Belajar\\cafetaria\\src\\helpers\\validation.js","statementMap":{"0":{"start":{"line":1,"column":0},"end":{"line":8,"column":1}},"1":{"start":{"line":2,"column":4},"end":{"line":6,"column":5}},"2":{"start":{"line":3,"column":8},"end":{"line":5,"column":9}},"3":{"start":{"line":4,"column":12},"end":{"line":4,"column":44}},"4":{"start":{"line":7,"column":4},"end":{"line":7,"column":15}},"5":{"start":{"line":10,"column":0},"end":{"line":13,"column":4}},"6":{"start":{"line":11,"column":18},"end":{"line":11,"column":37}},"7":{"start":{"line":12,"column":4},"end":{"line":12,"column":29}},"8":{"start":{"line":15,"column":0},"end":{"line":20,"column":1}},"9":{"start":{"line":16,"column":4},"end":{"line":19,"column":24}},"10":{"start":{"line":17,"column":8},"end":{"line":17,"column":53}},"11":{"start":{"line":19,"column":11},"end":{"line":19,"column":22}}},"fnMap":{"0":{"name":"(anonymous_0)","decl":{"start":{"line":1,"column":20},"end":{"line":1,"column":21}},"loc":{"start":{"line":1,"column":30},"end":{"line":8,"column":1}},"line":1},"1":{"name":"(anonymous_1)","decl":{"start":{"line":10,"column":19},"end":{"line":10,"column":20}},"loc":{"start":{"line":10,"column":30},"end":{"line":13,"column":3}},"line":10},"2":{"name":"(anonymous_2)","decl":{"start":{"line":15,"column":21},"end":{"line":15,"column":22}},"loc":{"start":{"line":15,"column":49},"end":{"line":20,"column":1}},"line":15}},"branchMap":{"0":{"loc":{"start":{"line":3,"column":8},"end":{"line":5,"column":9}},"type":"if","locations":[{"start":{"line":3,"column":8},"end":{"line":5,"column":9}},{"start":{},"end":{}}],"line":3},"1":{"loc":{"start":{"line":16,"column":4},"end":{"line":19,"column":24}},"type":"if","locations":[{"start":{"line":16,"column":4},"end":{"line":19,"column":24}},{"start":{"line":19,"column":9},"end":{"line":19,"column":24}}],"line":16},"2":{"loc":{"start":{"line":16,"column":8},"end":{"line":16,"column":64}},"type":"binary-expr","locations":[{"start":{"line":16,"column":8},"end":{"line":16,"column":33}},{"start":{"line":16,"column":37},"end":{"line":16,"column":64}}],"line":16}},"s":{"0":2,"1":2,"2":4,"3":0,"4":2,"5":2,"6":0,"7":0,"8":2,"9":0,"10":0,"11":0},"f":{"0":2,"1":0,"2":0},"b":{"0":[0,4],"1":[0,0],"2":[0,0]},"_coverageSchema":"1a1c01bbd47fc00a2c39e90264f33305004495a9","hash":"e4a72aca538e03424a871a559a20f3e599703a5e"}
,"D:\\Belajar\\cafetaria\\src\\middlewares\\auth.js": {"path":"D:\\Belajar\\cafetaria\\src\\middlewares\\auth.js","statementMap":{"0":{"start":{"line":1,"column":12},"end":{"line":1,"column":35}},"1":{"start":{"line":2,"column":31},"end":{"line":2,"column":61}},"2":{"start":{"line":4,"column":0},"end":{"line":16,"column":1}},"3":{"start":{"line":5,"column":30},"end":{"line":5,"column":41}},"4":{"start":{"line":6,"column":4},"end":{"line":6,"column":71}},"5":{"start":{"line":6,"column":26},"end":{"line":6,"column":69}},"6":{"start":{"line":7,"column":4},"end":{"line":15,"column":5}},"7":{"start":{"line":8,"column":8},"end":{"line":8,"column":74}},"8":{"start":{"line":9,"column":8},"end":{"line":9,"column":21}},"9":{"start":{"line":12,"column":8},"end":{"line":14,"column":45}},"10":{"start":{"line":12,"column":47},"end":{"line":12,"column":82}},"11":{"start":{"line":13,"column":13},"end":{"line":14,"column":45}},"12":{"start":{"line":13,"column":52},"end":{"line":13,"column":99}},"13":{"start":{"line":14,"column":15},"end":{"line":14,"column":43}},"14":{"start":{"line":18,"column":0},"end":{"line":26,"column":1}},"15":{"start":{"line":19,"column":21},"end":{"line":19,"column":29}},"16":{"start":{"line":20,"column":4},"end":{"line":20,"column":44}},"17":{"start":{"line":21,"column":4},"end":{"line":25,"column":40}},"18":{"start":{"line":22,"column":8},"end":{"line":23,"column":60}},"19":{"start":{"line":22,"column":43},"end":{"line":22,"column":56}},"20":{"start":{"line":23,"column":15},"end":{"line":23,"column":58}},"21":{"start":{"line":25,"column":17},"end":{"line":25,"column":38}},"22":{"start":{"line":28,"column":0},"end":{"line":36,"column":1}},"23":{"start":{"line":29,"column":21},"end":{"line":29,"column":29}},"24":{"start":{"line":30,"column":4},"end":{"line":30,"column":42}},"25":{"start":{"line":31,"column":4},"end":{"line":35,"column":40}},"26":{"start":{"line":32,"column":8},"end":{"line":33,"column":58}},"27":{"start":{"line":32,"column":43},"end":{"line":32,"column":56}},"28":{"start":{"line":33,"column":15},"end":{"line":33,"column":56}},"29":{"start":{"line":35,"column":17},"end":{"line":35,"column":38}}},"fnMap":{"0":{"name":"(anonymous_0)","decl":{"start":{"line":4,"column":23},"end":{"line":4,"column":24}},"loc":{"start":{"line":4,"column":49},"end":{"line":16,"column":1}},"line":4},"1":{"name":"(anonymous_1)","decl":{"start":{"line":18,"column":22},"end":{"line":18,"column":23}},"loc":{"start":{"line":18,"column":48},"end":{"line":26,"column":1}},"line":18},"2":{"name":"(anonymous_2)","decl":{"start":{"line":28,"column":20},"end":{"line":28,"column":21}},"loc":{"start":{"line":28,"column":46},"end":{"line":36,"column":1}},"line":28}},"branchMap":{"0":{"loc":{"start":{"line":6,"column":4},"end":{"line":6,"column":71}},"type":"if","locations":[{"start":{"line":6,"column":4},"end":{"line":6,"column":71}},{"start":{},"end":{}}],"line":6},"1":{"loc":{"start":{"line":12,"column":8},"end":{"line":14,"column":45}},"type":"if","locations":[{"start":{"line":12,"column":8},"end":{"line":14,"column":45}},{"start":{"line":13,"column":13},"end":{"line":14,"column":45}}],"line":12},"2":{"loc":{"start":{"line":13,"column":13},"end":{"line":14,"column":45}},"type":"if","locations":[{"start":{"line":13,"column":13},"end":{"line":14,"column":45}},{"start":{"line":14,"column":13},"end":{"line":14,"column":45}}],"line":13},"3":{"loc":{"start":{"line":22,"column":8},"end":{"line":23,"column":60}},"type":"if","locations":[{"start":{"line":22,"column":8},"end":{"line":23,"column":60}},{"start":{"line":23,"column":13},"end":{"line":23,"column":60}}],"line":22},"4":{"loc":{"start":{"line":32,"column":8},"end":{"line":33,"column":58}},"type":"if","locations":[{"start":{"line":32,"column":8},"end":{"line":33,"column":58}},{"start":{"line":33,"column":13},"end":{"line":33,"column":58}}],"line":32}},"s":{"0":2,"1":2,"2":2,"3":0,"4":0,"5":0,"6":0,"7":0,"8":0,"9":0,"10":0,"11":0,"12":0,"13":0,"14":2,"15":0,"16":0,"17":0,"18":0,"19":0,"20":0,"21":0,"22":2,"23":0,"24":0,"25":0,"26":0,"27":0,"28":0,"29":0},"f":{"0":0,"1":0,"2":0},"b":{"0":[0,0],"1":[0,0],"2":[0,0],"3":[0,0],"4":[0,0]},"_coverageSchema":"1a1c01bbd47fc00a2c39e90264f33305004495a9","hash":"63503043ad694373b25c5531aa95123c0571d1bb"}
,"D:\\Belajar\\cafetaria\\src\\models\\cafeModel.js": {"path":"D:\\Belajar\\cafetaria\\src\\models\\cafeModel.js","statementMap":{"0":{"start":{"line":4,"column":4},"end":{"line":4,"column":24}},"1":{"start":{"line":6,"column":0},"end":{"line":58,"column":2}},"2":{"start":{"line":15,"column":6},"end":{"line":18,"column":8}},"3":{"start":{"line":20,"column":6},"end":{"line":23,"column":8}},"4":{"start":{"line":26,"column":2},"end":{"line":56,"column":5}},"5":{"start":{"line":36,"column":10},"end":{"line":38,"column":11}},"6":{"start":{"line":37,"column":12},"end":{"line":37,"column":66}},"7":{"start":{"line":57,"column":2},"end":{"line":57,"column":14}}},"fnMap":{"0":{"name":"(anonymous_0)","decl":{"start":{"line":6,"column":17},"end":{"line":6,"column":18}},"loc":{"start":{"line":6,"column":43},"end":{"line":58,"column":1}},"line":6},"1":{"name":"(anonymous_1)","decl":{"start":{"line":13,"column":4},"end":{"line":13,"column":5}},"loc":{"start":{"line":13,"column":29},"end":{"line":24,"column":5}},"line":13},"2":{"name":"(anonymous_2)","decl":{"start":{"line":35,"column":8},"end":{"line":35,"column":9}},"loc":{"start":{"line":35,"column":32},"end":{"line":39,"column":9}},"line":35}},"branchMap":{"0":{"loc":{"start":{"line":36,"column":10},"end":{"line":38,"column":11}},"type":"if","locations":[{"start":{"line":36,"column":10},"end":{"line":38,"column":11}},{"start":{},"end":{}}],"line":36}},"s":{"0":2,"1":2,"2":2,"3":2,"4":2,"5":0,"6":0,"7":2},"f":{"0":2,"1":2,"2":0},"b":{"0":[0,0]},"_coverageSchema":"1a1c01bbd47fc00a2c39e90264f33305004495a9","hash":"eca362ee7a442e4e98ec2032d6c7bd90b1ee0cc8"}
,"D:\\Belajar\\cafetaria\\src\\models\\index.js": {"path":"D:\\Belajar\\cafetaria\\src\\models\\index.js","statementMap":{"0":{"start":{"line":3,"column":11},"end":{"line":3,"column":24}},"1":{"start":{"line":4,"column":13},"end":{"line":4,"column":28}},"2":{"start":{"line":5,"column":18},"end":{"line":5,"column":38}},"3":{"start":{"line":6,"column":16},"end":{"line":6,"column":34}},"4":{"start":{"line":7,"column":17},"end":{"line":7,"column":42}},"5":{"start":{"line":8,"column":12},"end":{"line":8,"column":49}},"6":{"start":{"line":9,"column":15},"end":{"line":9,"column":63}},"7":{"start":{"line":10,"column":11},"end":{"line":10,"column":13}},"8":{"start":{"line":13,"column":0},"end":{"line":17,"column":1}},"9":{"start":{"line":14,"column":2},"end":{"line":14,"column":74}},"10":{"start":{"line":16,"column":2},"end":{"line":16,"column":87}},"11":{"start":{"line":19,"column":0},"end":{"line":32,"column":5}},"12":{"start":{"line":22,"column":4},"end":{"line":27,"column":6}},"13":{"start":{"line":30,"column":18},"end":{"line":30,"column":85}},"14":{"start":{"line":31,"column":4},"end":{"line":31,"column":27}},"15":{"start":{"line":34,"column":0},"end":{"line":38,"column":3}},"16":{"start":{"line":35,"column":2},"end":{"line":37,"column":3}},"17":{"start":{"line":36,"column":4},"end":{"line":36,"column":32}},"18":{"start":{"line":40,"column":0},"end":{"line":40,"column":25}},"19":{"start":{"line":41,"column":0},"end":{"line":41,"column":25}},"20":{"start":{"line":43,"column":0},"end":{"line":43,"column":20}}},"fnMap":{"0":{"name":"(anonymous_0)","decl":{"start":{"line":21,"column":10},"end":{"line":21,"column":11}},"loc":{"start":{"line":21,"column":18},"end":{"line":28,"column":3}},"line":21},"1":{"name":"(anonymous_1)","decl":{"start":{"line":29,"column":11},"end":{"line":29,"column":12}},"loc":{"start":{"line":29,"column":19},"end":{"line":32,"column":3}},"line":29},"2":{"name":"(anonymous_2)","decl":{"start":{"line":34,"column":24},"end":{"line":34,"column":25}},"loc":{"start":{"line":34,"column":37},"end":{"line":38,"column":1}},"line":34}},"branchMap":{"0":{"loc":{"start":{"line":8,"column":12},"end":{"line":8,"column":49}},"type":"binary-expr","locations":[{"start":{"line":8,"column":12},"end":{"line":8,"column":32}},{"start":{"line":8,"column":36},"end":{"line":8,"column":49}}],"line":8},"1":{"loc":{"start":{"line":13,"column":0},"end":{"line":17,"column":1}},"type":"if","locations":[{"start":{"line":13,"column":0},"end":{"line":17,"column":1}},{"start":{"line":15,"column":7},"end":{"line":17,"column":1}}],"line":13},"2":{"loc":{"start":{"line":23,"column":6},"end":{"line":26,"column":37}},"type":"binary-expr","locations":[{"start":{"line":23,"column":6},"end":{"line":23,"column":29}},{"start":{"line":24,"column":6},"end":{"line":24,"column":23}},{"start":{"line":25,"column":6},"end":{"line":25,"column":30}},{"start":{"line":26,"column":6},"end":{"line":26,"column":37}}],"line":23},"3":{"loc":{"start":{"line":35,"column":2},"end":{"line":37,"column":3}},"type":"if","locations":[{"start":{"line":35,"column":2},"end":{"line":37,"column":3}},{"start":{},"end":{}}],"line":35}},"s":{"0":2,"1":2,"2":2,"3":2,"4":2,"5":2,"6":2,"7":2,"8":2,"9":0,"10":2,"11":2,"12":8,"13":6,"14":6,"15":2,"16":6,"17":6,"18":2,"19":2,"20":2},"f":{"0":8,"1":6,"2":6},"b":{"0":[2,0],"1":[0,2],"2":[8,8,6,6],"3":[6,0]},"_coverageSchema":"1a1c01bbd47fc00a2c39e90264f33305004495a9","hash":"a74bfc1c4d5cb7074abd079b2cca4eb612eda62c"}
,"D:\\Belajar\\cafetaria\\src\\models\\menuModel.js": {"path":"D:\\Belajar\\cafetaria\\src\\models\\menuModel.js","statementMap":{"0":{"start":{"line":4,"column":4},"end":{"line":4,"column":24}},"1":{"start":{"line":5,"column":0},"end":{"line":43,"column":2}},"2":{"start":{"line":9,"column":6},"end":{"line":12,"column":8}},"3":{"start":{"line":15,"column":2},"end":{"line":41,"column":5}},"4":{"start":{"line":42,"column":2},"end":{"line":42,"column":14}}},"fnMap":{"0":{"name":"(anonymous_0)","decl":{"start":{"line":5,"column":17},"end":{"line":5,"column":18}},"loc":{"start":{"line":5,"column":43},"end":{"line":43,"column":1}},"line":5},"1":{"name":"(anonymous_1)","decl":{"start":{"line":7,"column":4},"end":{"line":7,"column":5}},"loc":{"start":{"line":7,"column":29},"end":{"line":13,"column":5}},"line":7}},"branchMap":{},"s":{"0":2,"1":2,"2":2,"3":2,"4":2},"f":{"0":2,"1":2},"b":{},"_coverageSchema":"1a1c01bbd47fc00a2c39e90264f33305004495a9","hash":"334bdbe7ef33f42747e98f956b3cfe50385f6284"}
,"D:\\Belajar\\cafetaria\\src\\models\\userModel.js": {"path":"D:\\Belajar\\cafetaria\\src\\models\\userModel.js","statementMap":{"0":{"start":{"line":4,"column":4},"end":{"line":4,"column":24}},"1":{"start":{"line":5,"column":0},"end":{"line":47,"column":2}},"2":{"start":{"line":14,"column":6},"end":{"line":17,"column":8}},"3":{"start":{"line":20,"column":2},"end":{"line":45,"column":5}},"4":{"start":{"line":46,"column":2},"end":{"line":46,"column":14}}},"fnMap":{"0":{"name":"(anonymous_0)","decl":{"start":{"line":5,"column":17},"end":{"line":5,"column":18}},"loc":{"start":{"line":5,"column":43},"end":{"line":47,"column":1}},"line":5},"1":{"name":"(anonymous_1)","decl":{"start":{"line":12,"column":4},"end":{"line":12,"column":5}},"loc":{"start":{"line":12,"column":29},"end":{"line":18,"column":5}},"line":12}},"branchMap":{},"s":{"0":2,"1":2,"2":2,"3":2,"4":2},"f":{"0":2,"1":2},"b":{},"_coverageSchema":"1a1c01bbd47fc00a2c39e90264f33305004495a9","hash":"7b7c5707a9de11d309a9c621d9967005cdda8800"}
,"D:\\Belajar\\cafetaria\\src\\routes\\cafeRoutes.js": {"path":"D:\\Belajar\\cafetaria\\src\\routes\\cafeRoutes.js","statementMap":{"0":{"start":{"line":1,"column":16},"end":{"line":1,"column":34}},"1":{"start":{"line":2,"column":14},"end":{"line":2,"column":30}},"2":{"start":{"line":3,"column":14},"end":{"line":3,"column":54}},"3":{"start":{"line":4,"column":49},"end":{"line":4,"column":79}},"4":{"start":{"line":6,"column":0},"end":{"line":6,"column":62}},"5":{"start":{"line":7,"column":0},"end":{"line":7,"column":37}},"6":{"start":{"line":8,"column":0},"end":{"line":8,"column":45}},"7":{"start":{"line":9,"column":0},"end":{"line":9,"column":69}},"8":{"start":{"line":10,"column":0},"end":{"line":10,"column":72}},"9":{"start":{"line":12,"column":0},"end":{"line":12,"column":22}}},"fnMap":{},"branchMap":{},"s":{"0":2,"1":2,"2":2,"3":2,"4":2,"5":2,"6":2,"7":2,"8":2,"9":2},"f":{},"b":{},"_coverageSchema":"1a1c01bbd47fc00a2c39e90264f33305004495a9","hash":"35b7bb579081fb6dfcf6b1bc7a453b41a24d9b56"}
,"D:\\Belajar\\cafetaria\\src\\routes\\index.js": {"path":"D:\\Belajar\\cafetaria\\src\\routes\\index.js","statementMap":{"0":{"start":{"line":2,"column":15},"end":{"line":2,"column":42}},"1":{"start":{"line":3,"column":11},"end":{"line":3,"column":24}},"2":{"start":{"line":4,"column":13},"end":{"line":4,"column":28}},"3":{"start":{"line":5,"column":17},"end":{"line":5,"column":42}},"4":{"start":{"line":6,"column":15},"end":{"line":6,"column":17}},"5":{"start":{"line":9,"column":0},"end":{"line":14,"column":2}},"6":{"start":{"line":10,"column":4},"end":{"line":10,"column":90}},"7":{"start":{"line":12,"column":4},"end":{"line":12,"column":54}},"8":{"start":{"line":13,"column":4},"end":{"line":13,"column":42}},"9":{"start":{"line":16,"column":0},"end":{"line":16,"column":24}}},"fnMap":{"0":{"name":"(anonymous_0)","decl":{"start":{"line":9,"column":33},"end":{"line":9,"column":34}},"loc":{"start":{"line":9,"column":41},"end":{"line":11,"column":1}},"line":9},"1":{"name":"(anonymous_1)","decl":{"start":{"line":11,"column":11},"end":{"line":11,"column":12}},"loc":{"start":{"line":11,"column":19},"end":{"line":14,"column":1}},"line":11}},"branchMap":{"0":{"loc":{"start":{"line":10,"column":11},"end":{"line":10,"column":89}},"type":"binary-expr","locations":[{"start":{"line":10,"column":12},"end":{"line":10,"column":35}},{"start":{"line":10,"column":41},"end":{"line":10,"column":58}},{"start":{"line":10,"column":64},"end":{"line":10,"column":88}}],"line":10}},"s":{"0":2,"1":2,"2":2,"3":2,"4":2,"5":2,"6":8,"7":6,"8":6,"9":2},"f":{"0":8,"1":6},"b":{"0":[8,8,6]},"_coverageSchema":"1a1c01bbd47fc00a2c39e90264f33305004495a9","hash":"beb09979e80c7f02a18c1b65e674c515afa46e73"}
,"D:\\Belajar\\cafetaria\\src\\routes\\menuRoutes.js": {"path":"D:\\Belajar\\cafetaria\\src\\routes\\menuRoutes.js","statementMap":{"0":{"start":{"line":1,"column":16},"end":{"line":1,"column":34}},"1":{"start":{"line":2,"column":14},"end":{"line":2,"column":30}},"2":{"start":{"line":3,"column":14},"end":{"line":3,"column":54}},"3":{"start":{"line":4,"column":38},"end":{"line":4,"column":68}},"4":{"start":{"line":6,"column":0},"end":{"line":6,"column":64}},"5":{"start":{"line":7,"column":0},"end":{"line":7,"column":37}},"6":{"start":{"line":8,"column":0},"end":{"line":8,"column":45}},"7":{"start":{"line":9,"column":0},"end":{"line":9,"column":71}},"8":{"start":{"line":10,"column":0},"end":{"line":10,"column":74}},"9":{"start":{"line":12,"column":0},"end":{"line":12,"column":22}}},"fnMap":{},"branchMap":{},"s":{"0":2,"1":2,"2":2,"3":2,"4":2,"5":2,"6":2,"7":2,"8":2,"9":2},"f":{},"b":{},"_coverageSchema":"1a1c01bbd47fc00a2c39e90264f33305004495a9","hash":"bd6541e5befe79ac6ec6d4680034fbe339933a39"}
,"D:\\Belajar\\cafetaria\\src\\routes\\userRoutes.js": {"path":"D:\\Belajar\\cafetaria\\src\\routes\\userRoutes.js","statementMap":{"0":{"start":{"line":1,"column":16},"end":{"line":1,"column":34}},"1":{"start":{"line":2,"column":14},"end":{"line":2,"column":30}},"2":{"start":{"line":3,"column":14},"end":{"line":3,"column":54}},"3":{"start":{"line":4,"column":49},"end":{"line":4,"column":79}},"4":{"start":{"line":6,"column":0},"end":{"line":6,"column":35}},"5":{"start":{"line":7,"column":0},"end":{"line":7,"column":38}},"6":{"start":{"line":8,"column":0},"end":{"line":8,"column":45}},"7":{"start":{"line":9,"column":0},"end":{"line":9,"column":46}},"8":{"start":{"line":10,"column":0},"end":{"line":10,"column":51}},"9":{"start":{"line":12,"column":0},"end":{"line":12,"column":73}},"10":{"start":{"line":16,"column":0},"end":{"line":16,"column":22}}},"fnMap":{},"branchMap":{},"s":{"0":2,"1":2,"2":2,"3":2,"4":2,"5":2,"6":2,"7":2,"8":2,"9":2,"10":2},"f":{},"b":{},"_coverageSchema":"1a1c01bbd47fc00a2c39e90264f33305004495a9","hash":"812968f775abadc4b38e1199dcc88f0f25107c16"}
}
