TN:
SF:main.js
FN:15,(anonymous_0)
FN:56,(anonymous_1)
FN:59,(anonymous_2)
FN:65,(anonymous_3)
FNF:4
FNH:3
FNDA:43,(anonymous_0)
FNDA:0,(anonymous_1)
FNDA:20,(anonymous_2)
FNDA:2,(anonymous_3)
DA:1,2
DA:2,2
DA:4,2
DA:5,2
DA:11,2
DA:12,2
DA:13,2
DA:15,2
DA:16,43
DA:17,43
DA:18,43
DA:20,43
DA:21,2
DA:23,43
DA:25,43
DA:34,43
DA:36,0
DA:37,0
DA:39,43
DA:40,21
DA:43,22
DA:44,22
DA:46,0
DA:47,0
DA:52,2
DA:53,2
DA:56,2
DA:57,0
DA:59,2
DA:60,20
DA:63,2
DA:65,2
DA:66,2
DA:69,2
LF:34
LH:29
BRDA:20,0,0,2
BRDA:20,0,1,41
BRDA:34,1,0,0
BRDA:34,1,1,43
BRDA:39,2,0,21
BRDA:39,2,1,22
BRDA:63,3,0,2
BRDA:63,3,1,0
BRF:8
BRH:6
end_of_record
TN:
SF:src\config\config.js
FNF:0
FNH:0
DA:1,2
DA:2,2
LF:2
LH:2
BRDA:8,0,0,2
BRDA:8,0,1,0
BRDA:17,1,0,2
BRDA:17,1,1,0
BRF:4
BRH:2
end_of_record
TN:
SF:src\controllers\cafeController.js
FN:6,(anonymous_0)
FN:16,(anonymous_1)
FN:35,(anonymous_2)
FN:47,(anonymous_3)
FN:67,(anonymous_4)
FNF:5
FNH:0
FNDA:0,(anonymous_0)
FNDA:0,(anonymous_1)
FNDA:0,(anonymous_2)
FNDA:0,(anonymous_3)
FNDA:0,(anonymous_4)
DA:1,2
DA:2,2
DA:3,2
DA:6,2
DA:7,0
DA:8,0
DA:9,0
DA:10,0
DA:12,0
DA:16,2
DA:17,0
DA:18,0
DA:19,0
DA:20,0
DA:21,0
DA:22,0
DA:23,0
DA:24,0
DA:29,0
DA:31,0
DA:35,2
DA:36,0
DA:37,0
DA:38,0
DA:39,0
DA:41,0
DA:43,0
DA:47,2
DA:48,0
DA:49,0
DA:50,0
DA:51,0
DA:52,0
DA:53,0
DA:55,0
DA:56,0
DA:57,0
DA:58,0
DA:59,0
DA:61,0
DA:63,0
DA:67,2
DA:68,0
DA:69,0
DA:70,0
DA:71,0
DA:73,0
DA:74,0
DA:76,0
LF:49
LH:8
BRDA:17,0,0,0
BRDA:17,1,0,0
BRDA:17,2,0,0
BRDA:19,3,0,0
BRDA:19,3,1,0
BRDA:22,4,0,0
BRDA:22,4,1,0
BRDA:23,5,0,0
BRDA:23,5,1,0
BRDA:39,6,0,0
BRDA:39,6,1,0
BRDA:53,7,0,0
BRDA:53,7,1,0
BRDA:55,8,0,0
BRDA:55,8,1,0
BRDA:56,9,0,0
BRDA:56,9,1,0
BRDA:57,10,0,0
BRDA:57,10,1,0
BRDA:58,11,0,0
BRDA:58,11,1,0
BRDA:71,12,0,0
BRDA:71,12,1,0
BRF:23
BRH:0
end_of_record
TN:
SF:src\controllers\menuController.js
FN:6,(anonymous_0)
FN:31,(anonymous_1)
FN:41,(anonymous_2)
FN:54,(anonymous_3)
FN:85,(anonymous_4)
FNF:5
FNH:0
FNDA:0,(anonymous_0)
FNDA:0,(anonymous_1)
FNDA:0,(anonymous_2)
FNDA:0,(anonymous_3)
FNDA:0,(anonymous_4)
DA:1,2
DA:2,2
DA:3,2
DA:6,2
DA:7,0
DA:8,0
DA:9,0
DA:10,0
DA:11,0
DA:13,0
DA:14,0
DA:16,0
DA:17,0
DA:18,0
DA:20,0
DA:21,0
DA:25,0
DA:26,0
DA:31,2
DA:32,0
DA:33,0
DA:34,0
DA:35,0
DA:37,0
DA:41,2
DA:42,0
DA:43,0
DA:44,0
DA:45,0
DA:46,0
DA:48,0
DA:50,0
DA:54,2
DA:55,0
DA:56,0
DA:57,0
DA:58,0
DA:64,0
DA:65,0
DA:67,0
DA:68,0
DA:70,0
DA:71,0
DA:72,0
DA:73,0
DA:75,0
DA:76,0
DA:77,0
DA:79,0
DA:81,0
DA:85,2
DA:86,0
DA:87,0
DA:88,0
DA:89,0
DA:90,0
DA:92,0
DA:93,0
DA:95,0
DA:96,0
DA:98,0
LF:61
LH:8
BRDA:11,0,0,0
BRDA:11,0,1,0
BRDA:14,1,0,0
BRDA:14,1,1,0
BRDA:16,2,0,0
BRDA:16,2,1,0
BRDA:17,3,0,0
BRDA:17,3,1,0
BRDA:25,4,0,0
BRDA:25,4,1,0
BRDA:25,5,0,0
BRDA:25,5,1,0
BRDA:25,5,2,0
BRDA:45,6,0,0
BRDA:45,6,1,0
BRDA:64,7,0,0
BRDA:64,7,1,0
BRDA:68,8,0,0
BRDA:68,8,1,0
BRDA:70,9,0,0
BRDA:70,9,1,0
BRDA:71,10,0,0
BRDA:71,10,1,0
BRDA:72,11,0,0
BRDA:72,11,1,0
BRDA:75,12,0,0
BRDA:75,12,1,0
BRDA:76,13,0,0
BRDA:76,13,1,0
BRDA:89,14,0,0
BRDA:89,14,1,0
BRDA:93,15,0,0
BRDA:93,15,1,0
BRF:33
BRH:0
end_of_record
TN:
SF:src\controllers\userController.js
FN:7,(anonymous_0)
FN:27,(anonymous_1)
FN:49,(anonymous_2)
FN:72,(anonymous_3)
FN:85,(anonymous_4)
FN:101,(anonymous_5)
FN:114,(anonymous_6)
FNF:7
FNH:1
FNDA:0,(anonymous_0)
FNDA:0,(anonymous_1)
FNDA:2,(anonymous_2)
FNDA:0,(anonymous_3)
FNDA:0,(anonymous_4)
FNDA:0,(anonymous_5)
FNDA:0,(anonymous_6)
DA:1,2
DA:2,2
DA:3,2
DA:4,2
DA:5,2
DA:7,2
DA:8,0
DA:9,0
DA:10,0
DA:11,0
DA:16,0
DA:17,0
DA:18,0
DA:20,0
DA:21,0
DA:23,0
DA:27,2
DA:28,0
DA:29,0
DA:31,0
DA:32,0
DA:35,0
DA:38,0
DA:41,0
DA:42,0
DA:43,0
DA:45,0
DA:49,2
DA:50,2
DA:51,2
DA:53,2
DA:54,2
DA:56,2
DA:59,2
DA:61,1
DA:62,1
DA:65,1
DA:66,1
DA:68,0
DA:72,2
DA:73,0
DA:74,0
DA:75,0
DA:79,0
DA:81,0
DA:85,2
DA:86,0
DA:87,0
DA:88,0
DA:89,0
DA:90,0
DA:91,0
DA:92,0
DA:94,0
DA:95,0
DA:97,0
DA:101,2
DA:102,0
DA:103,0
DA:104,0
DA:105,0
DA:108,0
DA:110,0
DA:114,2
DA:115,0
DA:116,0
DA:118,0
DA:119,0
DA:122,0
DA:125,0
DA:128,0
DA:129,0
DA:131,0
LF:73
LH:22
BRDA:16,0,0,0
BRDA:16,0,1,0
BRDA:16,1,0,0
BRDA:16,1,1,0
BRDA:17,2,0,0
BRDA:17,2,1,0
BRDA:18,3,0,0
BRDA:18,3,1,0
BRDA:32,4,0,0
BRDA:32,4,1,0
BRDA:38,5,0,0
BRDA:38,5,1,0
BRDA:54,6,0,0
BRDA:54,6,1,2
BRDA:59,7,0,1
BRDA:59,7,1,1
BRDA:62,8,0,0
BRDA:62,8,1,1
BRDA:90,9,0,0
BRDA:90,9,1,0
BRDA:90,10,0,0
BRDA:90,10,1,0
BRDA:91,11,0,0
BRDA:91,11,1,0
BRDA:91,12,0,0
BRDA:91,12,1,0
BRDA:92,13,0,0
BRDA:92,13,1,0
BRDA:92,14,0,0
BRDA:92,14,1,0
BRDA:104,15,0,0
BRDA:104,15,1,0
BRDA:119,16,0,0
BRDA:119,16,1,0
BRDA:125,17,0,0
BRDA:125,17,1,0
BRF:36
BRH:4
end_of_record
TN:
SF:src\helpers\response.js
FN:1,(anonymous_0)
FN:8,(anonymous_1)
FN:15,(anonymous_2)
FNF:3
FNH:2
FNDA:1,(anonymous_0)
FNDA:1,(anonymous_1)
FNDA:0,(anonymous_2)
DA:1,2
DA:2,1
DA:8,2
DA:9,1
DA:15,2
DA:16,0
DA:17,0
LF:7
LH:5
BRF:0
BRH:0
end_of_record
TN:
SF:src\helpers\validation.js
FN:1,(anonymous_0)
FN:10,(anonymous_1)
FN:15,(anonymous_2)
FNF:3
FNH:1
FNDA:2,(anonymous_0)
FNDA:0,(anonymous_1)
FNDA:0,(anonymous_2)
DA:1,2
DA:2,2
DA:3,4
DA:4,0
DA:7,2
DA:10,2
DA:11,0
DA:12,0
DA:15,2
DA:16,0
DA:17,0
DA:19,0
LF:12
LH:6
BRDA:3,0,0,0
BRDA:3,0,1,4
BRDA:16,1,0,0
BRDA:16,1,1,0
BRDA:16,2,0,0
BRDA:16,2,1,0
BRF:6
BRH:1
end_of_record
TN:
SF:src\middlewares\auth.js
FN:4,(anonymous_0)
FN:18,(anonymous_1)
FN:28,(anonymous_2)
FNF:3
FNH:0
FNDA:0,(anonymous_0)
FNDA:0,(anonymous_1)
FNDA:0,(anonymous_2)
DA:1,2
DA:2,2
DA:4,2
DA:5,0
DA:6,0
DA:7,0
DA:8,0
DA:9,0
DA:12,0
DA:13,0
DA:14,0
DA:18,2
DA:19,0
DA:20,0
DA:21,0
DA:22,0
DA:23,0
DA:25,0
DA:28,2
DA:29,0
DA:30,0
DA:31,0
DA:32,0
DA:33,0
DA:35,0
LF:25
LH:5
BRDA:6,0,0,0
BRDA:6,0,1,0
BRDA:12,1,0,0
BRDA:12,1,1,0
BRDA:13,2,0,0
BRDA:13,2,1,0
BRDA:22,3,0,0
BRDA:22,3,1,0
BRDA:32,4,0,0
BRDA:32,4,1,0
BRF:10
BRH:0
end_of_record
TN:
SF:src\models\cafeModel.js
FN:6,(anonymous_0)
FN:13,(anonymous_1)
FN:35,(anonymous_2)
FNF:3
FNH:2
FNDA:2,(anonymous_0)
FNDA:2,(anonymous_1)
FNDA:0,(anonymous_2)
DA:4,2
DA:6,2
DA:15,2
DA:20,2
DA:26,2
DA:36,0
DA:37,0
DA:57,2
LF:8
LH:6
BRDA:36,0,0,0
BRDA:36,0,1,0
BRF:2
BRH:0
end_of_record
TN:
SF:src\models\index.js
FN:21,(anonymous_0)
FN:29,(anonymous_1)
FN:34,(anonymous_2)
FNF:3
FNH:3
FNDA:8,(anonymous_0)
FNDA:6,(anonymous_1)
FNDA:6,(anonymous_2)
DA:3,2
DA:4,2
DA:5,2
DA:6,2
DA:7,2
DA:8,2
DA:9,2
DA:10,2
DA:13,2
DA:14,0
DA:16,2
DA:19,2
DA:22,8
DA:30,6
DA:31,6
DA:34,2
DA:35,6
DA:36,6
DA:40,2
DA:41,2
DA:43,2
LF:21
LH:20
BRDA:8,0,0,2
BRDA:8,0,1,0
BRDA:13,1,0,0
BRDA:13,1,1,2
BRDA:23,2,0,8
BRDA:23,2,1,8
BRDA:23,2,2,6
BRDA:23,2,3,6
BRDA:35,3,0,6
BRDA:35,3,1,0
BRF:10
BRH:7
end_of_record
TN:
SF:src\models\menuModel.js
FN:5,(anonymous_0)
FN:7,(anonymous_1)
FNF:2
FNH:2
FNDA:2,(anonymous_0)
FNDA:2,(anonymous_1)
DA:4,2
DA:5,2
DA:9,2
DA:15,2
DA:42,2
LF:5
LH:5
BRF:0
BRH:0
end_of_record
TN:
SF:src\models\userModel.js
FN:5,(anonymous_0)
FN:12,(anonymous_1)
FNF:2
FNH:2
FNDA:2,(anonymous_0)
FNDA:2,(anonymous_1)
DA:4,2
DA:5,2
DA:14,2
DA:20,2
DA:46,2
LF:5
LH:5
BRF:0
BRH:0
end_of_record
TN:
SF:src\routes\cafeRoutes.js
FNF:0
FNH:0
DA:1,2
DA:2,2
DA:3,2
DA:4,2
DA:6,2
DA:7,2
DA:8,2
DA:9,2
DA:10,2
DA:12,2
LF:10
LH:10
BRF:0
BRH:0
end_of_record
TN:
SF:src\routes\index.js
FN:9,(anonymous_0)
FN:11,(anonymous_1)
FNF:2
FNH:2
FNDA:8,(anonymous_0)
FNDA:6,(anonymous_1)
DA:2,2
DA:3,2
DA:4,2
DA:5,2
DA:6,2
DA:9,2
DA:10,8
DA:12,6
DA:13,6
DA:16,2
LF:10
LH:10
BRDA:10,0,0,8
BRDA:10,0,1,8
BRDA:10,0,2,6
BRF:3
BRH:3
end_of_record
TN:
SF:src\routes\menuRoutes.js
FNF:0
FNH:0
DA:1,2
DA:2,2
DA:3,2
DA:4,2
DA:6,2
DA:7,2
DA:8,2
DA:9,2
DA:10,2
DA:12,2
LF:10
LH:10
BRF:0
BRH:0
end_of_record
TN:
SF:src\routes\userRoutes.js
FNF:0
FNH:0
DA:1,2
DA:2,2
DA:3,2
DA:4,2
DA:6,2
DA:7,2
DA:8,2
DA:9,2
DA:10,2
DA:12,2
DA:16,2
LF:11
LH:11
BRF:0
BRH:0
end_of_record
